<?xml version="1.0" encoding="UTF-8"?>
<testsuite xmlns:xsi="http://www.w3.org/2001/XMLSchema-instance" xsi:noNamespaceSchemaLocation="https://maven.apache.org/surefire/maven-surefire-plugin/xsd/surefire-test-report.xsd" name="com.swarna.collegeapi.repository.CourseRepositoryTest" time="1.453" tests="3" errors="3" skipped="0" failures="0">
  <properties>
    <property name="sun.desktop" value="windows"/>
    <property name="awt.toolkit" value="sun.awt.windows.WToolkit"/>
    <property name="java.specification.version" value="11"/>
    <property name="sun.cpu.isalist" value="amd64"/>
    <property name="sun.jnu.encoding" value="Cp1252"/>
    <property name="java.class.path" value="E:\My-Projects\CollegeAPI-JPA\target\test-classes;E:\My-Projects\CollegeAPI-JPA\target\classes;C:\Users\Swarnadeep\.m2\repository\org\springframework\boot\spring-boot-starter-data-jpa\2.6.3\spring-boot-starter-data-jpa-2.6.3.jar;C:\Users\Swarnadeep\.m2\repository\org\springframework\boot\spring-boot-starter-aop\2.6.3\spring-boot-starter-aop-2.6.3.jar;C:\Users\Swarnadeep\.m2\repository\org\springframework\spring-aop\5.3.15\spring-aop-5.3.15.jar;C:\Users\Swarnadeep\.m2\repository\org\aspectj\aspectjweaver\1.9.7\aspectjweaver-1.9.7.jar;C:\Users\Swarnadeep\.m2\repository\org\springframework\boot\spring-boot-starter-jdbc\2.6.3\spring-boot-starter-jdbc-2.6.3.jar;C:\Users\Swarnadeep\.m2\repository\com\zaxxer\HikariCP\4.0.3\HikariCP-4.0.3.jar;C:\Users\Swarnadeep\.m2\repository\org\springframework\spring-jdbc\5.3.15\spring-jdbc-5.3.15.jar;C:\Users\Swarnadeep\.m2\repository\jakarta\transaction\jakarta.transaction-api\1.3.3\jakarta.transaction-api-1.3.3.jar;C:\Users\Swarnadeep\.m2\repository\jakarta\persistence\jakarta.persistence-api\2.2.3\jakarta.persistence-api-2.2.3.jar;C:\Users\Swarnadeep\.m2\repository\org\hibernate\hibernate-core\5.6.4.Final\hibernate-core-5.6.4.Final.jar;C:\Users\Swarnadeep\.m2\repository\org\jboss\logging\jboss-logging\3.4.3.Final\jboss-logging-3.4.3.Final.jar;C:\Users\Swarnadeep\.m2\repository\net\bytebuddy\byte-buddy\1.11.22\byte-buddy-1.11.22.jar;C:\Users\Swarnadeep\.m2\repository\antlr\antlr\2.7.7\antlr-2.7.7.jar;C:\Users\Swarnadeep\.m2\repository\org\jboss\jandex\2.4.2.Final\jandex-2.4.2.Final.jar;C:\Users\Swarnadeep\.m2\repository\com\fasterxml\classmate\1.5.1\classmate-1.5.1.jar;C:\Users\Swarnadeep\.m2\repository\org\hibernate\common\hibernate-commons-annotations\5.1.2.Final\hibernate-commons-annotations-5.1.2.Final.jar;C:\Users\Swarnadeep\.m2\repository\org\glassfish\jaxb\jaxb-runtime\2.3.5\jaxb-runtime-2.3.5.jar;C:\Users\Swarnadeep\.m2\repository\org\glassfish\jaxb\txw2\2.3.5\txw2-2.3.5.jar;C:\Users\Swarnadeep\.m2\repository\com\sun\istack\istack-commons-runtime\3.0.12\istack-commons-runtime-3.0.12.jar;C:\Users\Swarnadeep\.m2\repository\com\sun\activation\jakarta.activation\1.2.2\jakarta.activation-1.2.2.jar;C:\Users\Swarnadeep\.m2\repository\org\springframework\data\spring-data-jpa\2.6.1\spring-data-jpa-2.6.1.jar;C:\Users\Swarnadeep\.m2\repository\org\springframework\data\spring-data-commons\2.6.1\spring-data-commons-2.6.1.jar;C:\Users\Swarnadeep\.m2\repository\org\springframework\spring-orm\5.3.15\spring-orm-5.3.15.jar;C:\Users\Swarnadeep\.m2\repository\org\springframework\spring-context\5.3.15\spring-context-5.3.15.jar;C:\Users\Swarnadeep\.m2\repository\org\springframework\spring-tx\5.3.15\spring-tx-5.3.15.jar;C:\Users\Swarnadeep\.m2\repository\org\springframework\spring-beans\5.3.15\spring-beans-5.3.15.jar;C:\Users\Swarnadeep\.m2\repository\org\slf4j\slf4j-api\1.7.33\slf4j-api-1.7.33.jar;C:\Users\Swarnadeep\.m2\repository\org\springframework\spring-aspects\5.3.15\spring-aspects-5.3.15.jar;C:\Users\Swarnadeep\.m2\repository\org\springframework\boot\spring-boot-starter-web\2.6.3\spring-boot-starter-web-2.6.3.jar;C:\Users\Swarnadeep\.m2\repository\org\springframework\boot\spring-boot-starter\2.6.3\spring-boot-starter-2.6.3.jar;C:\Users\Swarnadeep\.m2\repository\org\springframework\boot\spring-boot\2.6.3\spring-boot-2.6.3.jar;C:\Users\Swarnadeep\.m2\repository\org\springframework\boot\spring-boot-autoconfigure\2.6.3\spring-boot-autoconfigure-2.6.3.jar;C:\Users\Swarnadeep\.m2\repository\org\springframework\boot\spring-boot-starter-logging\2.6.3\spring-boot-starter-logging-2.6.3.jar;C:\Users\Swarnadeep\.m2\repository\ch\qos\logback\logback-classic\1.2.10\logback-classic-1.2.10.jar;C:\Users\Swarnadeep\.m2\repository\ch\qos\logback\logback-core\1.2.10\logback-core-1.2.10.jar;C:\Users\Swarnadeep\.m2\repository\org\apache\logging\log4j\log4j-to-slf4j\2.17.1\log4j-to-slf4j-2.17.1.jar;C:\Users\Swarnadeep\.m2\repository\org\apache\logging\log4j\log4j-api\2.17.1\log4j-api-2.17.1.jar;C:\Users\Swarnadeep\.m2\repository\org\slf4j\jul-to-slf4j\1.7.33\jul-to-slf4j-1.7.33.jar;C:\Users\Swarnadeep\.m2\repository\jakarta\annotation\jakarta.annotation-api\1.3.5\jakarta.annotation-api-1.3.5.jar;C:\Users\Swarnadeep\.m2\repository\org\yaml\snakeyaml\1.29\snakeyaml-1.29.jar;C:\Users\Swarnadeep\.m2\repository\org\springframework\boot\spring-boot-starter-json\2.6.3\spring-boot-starter-json-2.6.3.jar;C:\Users\Swarnadeep\.m2\repository\com\fasterxml\jackson\core\jackson-databind\2.13.1\jackson-databind-2.13.1.jar;C:\Users\Swarnadeep\.m2\repository\com\fasterxml\jackson\core\jackson-annotations\2.13.1\jackson-annotations-2.13.1.jar;C:\Users\Swarnadeep\.m2\repository\com\fasterxml\jackson\core\jackson-core\2.13.1\jackson-core-2.13.1.jar;C:\Users\Swarnadeep\.m2\repository\com\fasterxml\jackson\datatype\jackson-datatype-jdk8\2.13.1\jackson-datatype-jdk8-2.13.1.jar;C:\Users\Swarnadeep\.m2\repository\com\fasterxml\jackson\datatype\jackson-datatype-jsr310\2.13.1\jackson-datatype-jsr310-2.13.1.jar;C:\Users\Swarnadeep\.m2\repository\com\fasterxml\jackson\module\jackson-module-parameter-names\2.13.1\jackson-module-parameter-names-2.13.1.jar;C:\Users\Swarnadeep\.m2\repository\org\springframework\boot\spring-boot-starter-tomcat\2.6.3\spring-boot-starter-tomcat-2.6.3.jar;C:\Users\Swarnadeep\.m2\repository\org\apache\tomcat\embed\tomcat-embed-core\9.0.56\tomcat-embed-core-9.0.56.jar;C:\Users\Swarnadeep\.m2\repository\org\apache\tomcat\embed\tomcat-embed-el\9.0.56\tomcat-embed-el-9.0.56.jar;C:\Users\Swarnadeep\.m2\repository\org\apache\tomcat\embed\tomcat-embed-websocket\9.0.56\tomcat-embed-websocket-9.0.56.jar;C:\Users\Swarnadeep\.m2\repository\org\springframework\spring-web\5.3.15\spring-web-5.3.15.jar;C:\Users\Swarnadeep\.m2\repository\org\springframework\spring-webmvc\5.3.15\spring-webmvc-5.3.15.jar;C:\Users\Swarnadeep\.m2\repository\org\springframework\spring-expression\5.3.15\spring-expression-5.3.15.jar;C:\Users\Swarnadeep\.m2\repository\org\postgresql\postgresql\42.3.1\postgresql-42.3.1.jar;C:\Users\Swarnadeep\.m2\repository\org\checkerframework\checker-qual\3.5.0\checker-qual-3.5.0.jar;C:\Users\Swarnadeep\.m2\repository\org\projectlombok\lombok\1.18.22\lombok-1.18.22.jar;C:\Users\Swarnadeep\.m2\repository\org\springframework\boot\spring-boot-starter-test\2.6.3\spring-boot-starter-test-2.6.3.jar;C:\Users\Swarnadeep\.m2\repository\org\springframework\boot\spring-boot-test\2.6.3\spring-boot-test-2.6.3.jar;C:\Users\Swarnadeep\.m2\repository\org\springframework\boot\spring-boot-test-autoconfigure\2.6.3\spring-boot-test-autoconfigure-2.6.3.jar;C:\Users\Swarnadeep\.m2\repository\com\jayway\jsonpath\json-path\2.6.0\json-path-2.6.0.jar;C:\Users\Swarnadeep\.m2\repository\net\minidev\json-smart\2.4.7\json-smart-2.4.7.jar;C:\Users\Swarnadeep\.m2\repository\net\minidev\accessors-smart\2.4.7\accessors-smart-2.4.7.jar;C:\Users\Swarnadeep\.m2\repository\org\ow2\asm\asm\9.1\asm-9.1.jar;C:\Users\Swarnadeep\.m2\repository\jakarta\xml\bind\jakarta.xml.bind-api\2.3.3\jakarta.xml.bind-api-2.3.3.jar;C:\Users\Swarnadeep\.m2\repository\jakarta\activation\jakarta.activation-api\1.2.2\jakarta.activation-api-1.2.2.jar;C:\Users\Swarnadeep\.m2\repository\org\assertj\assertj-core\3.21.0\assertj-core-3.21.0.jar;C:\Users\Swarnadeep\.m2\repository\org\hamcrest\hamcrest\2.2\hamcrest-2.2.jar;C:\Users\Swarnadeep\.m2\repository\org\junit\jupiter\junit-jupiter\5.8.2\junit-jupiter-5.8.2.jar;C:\Users\Swarnadeep\.m2\repository\org\junit\jupiter\junit-jupiter-api\5.8.2\junit-jupiter-api-5.8.2.jar;C:\Users\Swarnadeep\.m2\repository\org\opentest4j\opentest4j\1.2.0\opentest4j-1.2.0.jar;C:\Users\Swarnadeep\.m2\repository\org\junit\platform\junit-platform-commons\1.8.2\junit-platform-commons-1.8.2.jar;C:\Users\Swarnadeep\.m2\repository\org\apiguardian\apiguardian-api\1.1.2\apiguardian-api-1.1.2.jar;C:\Users\Swarnadeep\.m2\repository\org\junit\jupiter\junit-jupiter-params\5.8.2\junit-jupiter-params-5.8.2.jar;C:\Users\Swarnadeep\.m2\repository\org\junit\jupiter\junit-jupiter-engine\5.8.2\junit-jupiter-engine-5.8.2.jar;C:\Users\Swarnadeep\.m2\repository\org\junit\platform\junit-platform-engine\1.8.2\junit-platform-engine-1.8.2.jar;C:\Users\Swarnadeep\.m2\repository\org\mockito\mockito-core\4.0.0\mockito-core-4.0.0.jar;C:\Users\Swarnadeep\.m2\repository\net\bytebuddy\byte-buddy-agent\1.11.22\byte-buddy-agent-1.11.22.jar;C:\Users\Swarnadeep\.m2\repository\org\objenesis\objenesis\3.2\objenesis-3.2.jar;C:\Users\Swarnadeep\.m2\repository\org\mockito\mockito-junit-jupiter\4.0.0\mockito-junit-jupiter-4.0.0.jar;C:\Users\Swarnadeep\.m2\repository\org\skyscreamer\jsonassert\1.5.0\jsonassert-1.5.0.jar;C:\Users\Swarnadeep\.m2\repository\com\vaadin\external\google\android-json\0.0.20131108.vaadin1\android-json-0.0.20131108.vaadin1.jar;C:\Users\Swarnadeep\.m2\repository\org\springframework\spring-core\5.3.15\spring-core-5.3.15.jar;C:\Users\Swarnadeep\.m2\repository\org\springframework\spring-jcl\5.3.15\spring-jcl-5.3.15.jar;C:\Users\Swarnadeep\.m2\repository\org\springframework\spring-test\5.3.15\spring-test-5.3.15.jar;C:\Users\Swarnadeep\.m2\repository\org\xmlunit\xmlunit-core\2.8.4\xmlunit-core-2.8.4.jar;"/>
    <property name="java.vm.vendor" value="Oracle Corporation"/>
    <property name="sun.arch.data.model" value="64"/>
    <property name="user.variant" value=""/>
    <property name="java.vendor.url" value="https://openjdk.java.net/"/>
    <property name="user.timezone" value="Asia/Calcutta"/>
    <property name="java.vm.specification.version" value="11"/>
    <property name="os.name" value="Windows 8.1"/>
    <property name="sun.java.launcher" value="SUN_STANDARD"/>
    <property name="user.country" value="US"/>
    <property name="sun.boot.library.path" value="C:\Program Files\Java\jdk-11.0.12\bin"/>
    <property name="sun.java.command" value="C:\Users\SWARNA~1\AppData\Local\Temp\surefire1243996090244835449\surefirebooter6277258535806370320.jar C:\Users\Swarnadeep\AppData\Local\Temp\surefire1243996090244835449 2022-03-19T23-45-10_453-jvmRun1 surefire9614151210667322493tmp surefire_07340865148334486922tmp"/>
    <property name="jdk.debug" value="release"/>
    <property name="surefire.test.class.path" value="E:\My-Projects\CollegeAPI-JPA\target\test-classes;E:\My-Projects\CollegeAPI-JPA\target\classes;C:\Users\Swarnadeep\.m2\repository\org\springframework\boot\spring-boot-starter-data-jpa\2.6.3\spring-boot-starter-data-jpa-2.6.3.jar;C:\Users\Swarnadeep\.m2\repository\org\springframework\boot\spring-boot-starter-aop\2.6.3\spring-boot-starter-aop-2.6.3.jar;C:\Users\Swarnadeep\.m2\repository\org\springframework\spring-aop\5.3.15\spring-aop-5.3.15.jar;C:\Users\Swarnadeep\.m2\repository\org\aspectj\aspectjweaver\1.9.7\aspectjweaver-1.9.7.jar;C:\Users\Swarnadeep\.m2\repository\org\springframework\boot\spring-boot-starter-jdbc\2.6.3\spring-boot-starter-jdbc-2.6.3.jar;C:\Users\Swarnadeep\.m2\repository\com\zaxxer\HikariCP\4.0.3\HikariCP-4.0.3.jar;C:\Users\Swarnadeep\.m2\repository\org\springframework\spring-jdbc\5.3.15\spring-jdbc-5.3.15.jar;C:\Users\Swarnadeep\.m2\repository\jakarta\transaction\jakarta.transaction-api\1.3.3\jakarta.transaction-api-1.3.3.jar;C:\Users\Swarnadeep\.m2\repository\jakarta\persistence\jakarta.persistence-api\2.2.3\jakarta.persistence-api-2.2.3.jar;C:\Users\Swarnadeep\.m2\repository\org\hibernate\hibernate-core\5.6.4.Final\hibernate-core-5.6.4.Final.jar;C:\Users\Swarnadeep\.m2\repository\org\jboss\logging\jboss-logging\3.4.3.Final\jboss-logging-3.4.3.Final.jar;C:\Users\Swarnadeep\.m2\repository\net\bytebuddy\byte-buddy\1.11.22\byte-buddy-1.11.22.jar;C:\Users\Swarnadeep\.m2\repository\antlr\antlr\2.7.7\antlr-2.7.7.jar;C:\Users\Swarnadeep\.m2\repository\org\jboss\jandex\2.4.2.Final\jandex-2.4.2.Final.jar;C:\Users\Swarnadeep\.m2\repository\com\fasterxml\classmate\1.5.1\classmate-1.5.1.jar;C:\Users\Swarnadeep\.m2\repository\org\hibernate\common\hibernate-commons-annotations\5.1.2.Final\hibernate-commons-annotations-5.1.2.Final.jar;C:\Users\Swarnadeep\.m2\repository\org\glassfish\jaxb\jaxb-runtime\2.3.5\jaxb-runtime-2.3.5.jar;C:\Users\Swarnadeep\.m2\repository\org\glassfish\jaxb\txw2\2.3.5\txw2-2.3.5.jar;C:\Users\Swarnadeep\.m2\repository\com\sun\istack\istack-commons-runtime\3.0.12\istack-commons-runtime-3.0.12.jar;C:\Users\Swarnadeep\.m2\repository\com\sun\activation\jakarta.activation\1.2.2\jakarta.activation-1.2.2.jar;C:\Users\Swarnadeep\.m2\repository\org\springframework\data\spring-data-jpa\2.6.1\spring-data-jpa-2.6.1.jar;C:\Users\Swarnadeep\.m2\repository\org\springframework\data\spring-data-commons\2.6.1\spring-data-commons-2.6.1.jar;C:\Users\Swarnadeep\.m2\repository\org\springframework\spring-orm\5.3.15\spring-orm-5.3.15.jar;C:\Users\Swarnadeep\.m2\repository\org\springframework\spring-context\5.3.15\spring-context-5.3.15.jar;C:\Users\Swarnadeep\.m2\repository\org\springframework\spring-tx\5.3.15\spring-tx-5.3.15.jar;C:\Users\Swarnadeep\.m2\repository\org\springframework\spring-beans\5.3.15\spring-beans-5.3.15.jar;C:\Users\Swarnadeep\.m2\repository\org\slf4j\slf4j-api\1.7.33\slf4j-api-1.7.33.jar;C:\Users\Swarnadeep\.m2\repository\org\springframework\spring-aspects\5.3.15\spring-aspects-5.3.15.jar;C:\Users\Swarnadeep\.m2\repository\org\springframework\boot\spring-boot-starter-web\2.6.3\spring-boot-starter-web-2.6.3.jar;C:\Users\Swarnadeep\.m2\repository\org\springframework\boot\spring-boot-starter\2.6.3\spring-boot-starter-2.6.3.jar;C:\Users\Swarnadeep\.m2\repository\org\springframework\boot\spring-boot\2.6.3\spring-boot-2.6.3.jar;C:\Users\Swarnadeep\.m2\repository\org\springframework\boot\spring-boot-autoconfigure\2.6.3\spring-boot-autoconfigure-2.6.3.jar;C:\Users\Swarnadeep\.m2\repository\org\springframework\boot\spring-boot-starter-logging\2.6.3\spring-boot-starter-logging-2.6.3.jar;C:\Users\Swarnadeep\.m2\repository\ch\qos\logback\logback-classic\1.2.10\logback-classic-1.2.10.jar;C:\Users\Swarnadeep\.m2\repository\ch\qos\logback\logback-core\1.2.10\logback-core-1.2.10.jar;C:\Users\Swarnadeep\.m2\repository\org\apache\logging\log4j\log4j-to-slf4j\2.17.1\log4j-to-slf4j-2.17.1.jar;C:\Users\Swarnadeep\.m2\repository\org\apache\logging\log4j\log4j-api\2.17.1\log4j-api-2.17.1.jar;C:\Users\Swarnadeep\.m2\repository\org\slf4j\jul-to-slf4j\1.7.33\jul-to-slf4j-1.7.33.jar;C:\Users\Swarnadeep\.m2\repository\jakarta\annotation\jakarta.annotation-api\1.3.5\jakarta.annotation-api-1.3.5.jar;C:\Users\Swarnadeep\.m2\repository\org\yaml\snakeyaml\1.29\snakeyaml-1.29.jar;C:\Users\Swarnadeep\.m2\repository\org\springframework\boot\spring-boot-starter-json\2.6.3\spring-boot-starter-json-2.6.3.jar;C:\Users\Swarnadeep\.m2\repository\com\fasterxml\jackson\core\jackson-databind\2.13.1\jackson-databind-2.13.1.jar;C:\Users\Swarnadeep\.m2\repository\com\fasterxml\jackson\core\jackson-annotations\2.13.1\jackson-annotations-2.13.1.jar;C:\Users\Swarnadeep\.m2\repository\com\fasterxml\jackson\core\jackson-core\2.13.1\jackson-core-2.13.1.jar;C:\Users\Swarnadeep\.m2\repository\com\fasterxml\jackson\datatype\jackson-datatype-jdk8\2.13.1\jackson-datatype-jdk8-2.13.1.jar;C:\Users\Swarnadeep\.m2\repository\com\fasterxml\jackson\datatype\jackson-datatype-jsr310\2.13.1\jackson-datatype-jsr310-2.13.1.jar;C:\Users\Swarnadeep\.m2\repository\com\fasterxml\jackson\module\jackson-module-parameter-names\2.13.1\jackson-module-parameter-names-2.13.1.jar;C:\Users\Swarnadeep\.m2\repository\org\springframework\boot\spring-boot-starter-tomcat\2.6.3\spring-boot-starter-tomcat-2.6.3.jar;C:\Users\Swarnadeep\.m2\repository\org\apache\tomcat\embed\tomcat-embed-core\9.0.56\tomcat-embed-core-9.0.56.jar;C:\Users\Swarnadeep\.m2\repository\org\apache\tomcat\embed\tomcat-embed-el\9.0.56\tomcat-embed-el-9.0.56.jar;C:\Users\Swarnadeep\.m2\repository\org\apache\tomcat\embed\tomcat-embed-websocket\9.0.56\tomcat-embed-websocket-9.0.56.jar;C:\Users\Swarnadeep\.m2\repository\org\springframework\spring-web\5.3.15\spring-web-5.3.15.jar;C:\Users\Swarnadeep\.m2\repository\org\springframework\spring-webmvc\5.3.15\spring-webmvc-5.3.15.jar;C:\Users\Swarnadeep\.m2\repository\org\springframework\spring-expression\5.3.15\spring-expression-5.3.15.jar;C:\Users\Swarnadeep\.m2\repository\org\postgresql\postgresql\42.3.1\postgresql-42.3.1.jar;C:\Users\Swarnadeep\.m2\repository\org\checkerframework\checker-qual\3.5.0\checker-qual-3.5.0.jar;C:\Users\Swarnadeep\.m2\repository\org\projectlombok\lombok\1.18.22\lombok-1.18.22.jar;C:\Users\Swarnadeep\.m2\repository\org\springframework\boot\spring-boot-starter-test\2.6.3\spring-boot-starter-test-2.6.3.jar;C:\Users\Swarnadeep\.m2\repository\org\springframework\boot\spring-boot-test\2.6.3\spring-boot-test-2.6.3.jar;C:\Users\Swarnadeep\.m2\repository\org\springframework\boot\spring-boot-test-autoconfigure\2.6.3\spring-boot-test-autoconfigure-2.6.3.jar;C:\Users\Swarnadeep\.m2\repository\com\jayway\jsonpath\json-path\2.6.0\json-path-2.6.0.jar;C:\Users\Swarnadeep\.m2\repository\net\minidev\json-smart\2.4.7\json-smart-2.4.7.jar;C:\Users\Swarnadeep\.m2\repository\net\minidev\accessors-smart\2.4.7\accessors-smart-2.4.7.jar;C:\Users\Swarnadeep\.m2\repository\org\ow2\asm\asm\9.1\asm-9.1.jar;C:\Users\Swarnadeep\.m2\repository\jakarta\xml\bind\jakarta.xml.bind-api\2.3.3\jakarta.xml.bind-api-2.3.3.jar;C:\Users\Swarnadeep\.m2\repository\jakarta\activation\jakarta.activation-api\1.2.2\jakarta.activation-api-1.2.2.jar;C:\Users\Swarnadeep\.m2\repository\org\assertj\assertj-core\3.21.0\assertj-core-3.21.0.jar;C:\Users\Swarnadeep\.m2\repository\org\hamcrest\hamcrest\2.2\hamcrest-2.2.jar;C:\Users\Swarnadeep\.m2\repository\org\junit\jupiter\junit-jupiter\5.8.2\junit-jupiter-5.8.2.jar;C:\Users\Swarnadeep\.m2\repository\org\junit\jupiter\junit-jupiter-api\5.8.2\junit-jupiter-api-5.8.2.jar;C:\Users\Swarnadeep\.m2\repository\org\opentest4j\opentest4j\1.2.0\opentest4j-1.2.0.jar;C:\Users\Swarnadeep\.m2\repository\org\junit\platform\junit-platform-commons\1.8.2\junit-platform-commons-1.8.2.jar;C:\Users\Swarnadeep\.m2\repository\org\apiguardian\apiguardian-api\1.1.2\apiguardian-api-1.1.2.jar;C:\Users\Swarnadeep\.m2\repository\org\junit\jupiter\junit-jupiter-params\5.8.2\junit-jupiter-params-5.8.2.jar;C:\Users\Swarnadeep\.m2\repository\org\junit\jupiter\junit-jupiter-engine\5.8.2\junit-jupiter-engine-5.8.2.jar;C:\Users\Swarnadeep\.m2\repository\org\junit\platform\junit-platform-engine\1.8.2\junit-platform-engine-1.8.2.jar;C:\Users\Swarnadeep\.m2\repository\org\mockito\mockito-core\4.0.0\mockito-core-4.0.0.jar;C:\Users\Swarnadeep\.m2\repository\net\bytebuddy\byte-buddy-agent\1.11.22\byte-buddy-agent-1.11.22.jar;C:\Users\Swarnadeep\.m2\repository\org\objenesis\objenesis\3.2\objenesis-3.2.jar;C:\Users\Swarnadeep\.m2\repository\org\mockito\mockito-junit-jupiter\4.0.0\mockito-junit-jupiter-4.0.0.jar;C:\Users\Swarnadeep\.m2\repository\org\skyscreamer\jsonassert\1.5.0\jsonassert-1.5.0.jar;C:\Users\Swarnadeep\.m2\repository\com\vaadin\external\google\android-json\0.0.20131108.vaadin1\android-json-0.0.20131108.vaadin1.jar;C:\Users\Swarnadeep\.m2\repository\org\springframework\spring-core\5.3.15\spring-core-5.3.15.jar;C:\Users\Swarnadeep\.m2\repository\org\springframework\spring-jcl\5.3.15\spring-jcl-5.3.15.jar;C:\Users\Swarnadeep\.m2\repository\org\springframework\spring-test\5.3.15\spring-test-5.3.15.jar;C:\Users\Swarnadeep\.m2\repository\org\xmlunit\xmlunit-core\2.8.4\xmlunit-core-2.8.4.jar;"/>
    <property name="sun.cpu.endian" value="little"/>
    <property name="user.home" value="C:\Users\Swarnadeep"/>
    <property name="user.language" value="en"/>
    <property name="java.specification.vendor" value="Oracle Corporation"/>
    <property name="java.version.date" value="2021-07-20"/>
    <property name="java.home" value="C:\Program Files\Java\jdk-11.0.12"/>
    <property name="file.separator" value="\"/>
    <property name="basedir" value="E:\My-Projects\CollegeAPI-JPA"/>
    <property name="java.vm.compressedOopsMode" value="32-bit"/>
    <property name="line.separator" value="&#10;"/>
    <property name="java.specification.name" value="Java Platform API Specification"/>
    <property name="java.vm.specification.vendor" value="Oracle Corporation"/>
    <property name="java.awt.graphicsenv" value="sun.awt.Win32GraphicsEnvironment"/>
    <property name="surefire.real.class.path" value="C:\Users\SWARNA~1\AppData\Local\Temp\surefire1243996090244835449\surefirebooter6277258535806370320.jar"/>
    <property name="user.script" value=""/>
    <property name="sun.management.compiler" value="HotSpot 64-Bit Tiered Compilers"/>
    <property name="java.runtime.version" value="11.0.12+8-LTS-237"/>
    <property name="user.name" value="swarna"/>
    <property name="path.separator" value=";"/>
    <property name="os.version" value="6.3"/>
    <property name="java.runtime.name" value="Java(TM) SE Runtime Environment"/>
    <property name="file.encoding" value="Cp1252"/>
    <property name="java.vm.name" value="Java HotSpot(TM) 64-Bit Server VM"/>
    <property name="java.vendor.version" value="18.9"/>
    <property name="localRepository" value="C:\Users\Swarnadeep\.m2\repository"/>
    <property name="java.vendor.url.bug" value="https://bugreport.java.com/bugreport/"/>
    <property name="java.io.tmpdir" value="C:\Users\SWARNA~1\AppData\Local\Temp\"/>
    <property name="java.version" value="11.0.12"/>
    <property name="user.dir" value="E:\My-Projects\CollegeAPI-JPA"/>
    <property name="os.arch" value="amd64"/>
    <property name="java.vm.specification.name" value="Java Virtual Machine Specification"/>
    <property name="java.awt.printerjob" value="sun.awt.windows.WPrinterJob"/>
    <property name="sun.os.patch.level" value=""/>
    <property name="java.library.path" value="C:\Program Files\Java\jdk-11.0.12\bin;C:\Windows\Sun\Java\bin;C:\Windows\system32;C:\Windows;C:\Users\Swarnadeep\bin;C:\Program Files\Git\mingw64\bin;C:\Program Files\Git\usr\local\bin;C:\Program Files\Git\usr\bin;C:\Program Files\Git\usr\bin;C:\Program Files\Git\mingw64\bin;C:\Program Files\Git\usr\bin;C:\Users\Swarnadeep\bin;C:\Program Files\Python39\Scripts;C:\Program Files\Python39;C:\Program Files\Common Files\Oracle\Java\javapath;C:\Windows\system32;C:\Windows;C:\Windows\System32\Wbem;C:\Windows\System32\WindowsPowerShell\v1.0;C:\Program Files\Git\cmd;C:\Program Files\Java\jdk-11.0.12\bin;C:\Program Files\nodejs;C:\Program Files\Apache\apache-maven-3.8.4\bin;C:\Program Files\Java\jdk-11.0.12\bin;C:\Users\Swarnadeep\AppData\Local\Programs\Microsoft VS Code\bin;C:\Users\Swarnadeep\AppData\Roaming\npm;C:\Program Files\heroku\bin;C:\Program Files\Git\usr\bin\vendor_perl;C:\Program Files\Git\usr\bin\core_perl;."/>
    <property name="java.vendor" value="Oracle Corporation"/>
    <property name="java.vm.info" value="mixed mode"/>
    <property name="java.vm.version" value="11.0.12+8-LTS-237"/>
    <property name="sun.io.unicode.encoding" value="UnicodeLittle"/>
    <property name="java.class.version" value="55.0"/>
    <property name="maven.test.failure.ignore" value="true"/>
  </properties>
  <testcase name="printAllCourses" classname="com.swarna.collegeapi.repository.CourseRepositoryTest" time="0.489">
    <error message="failed to lazily initialize a collection of role: com.swarna.collegeapi.entity.Course.students, could not initialize proxy - no Session" type="org.hibernate.LazyInitializationException">org.hibernate.LazyInitializationException: failed to lazily initialize a collection of role: com.swarna.collegeapi.entity.Course.students, could not initialize proxy - no Session
	at com.swarna.collegeapi.repository.CourseRepositoryTest.printAllCourses(CourseRepositoryTest.java:28)
</error>
    <system-out><![CDATA[2022-03-19 23:45:30.270  INFO 6740 --- [           main] .b.t.c.SpringBootTestContextBootstrapper : Neither @ContextConfiguration nor @ContextHierarchy found for test class [com.swarna.collegeapi.repository.CourseRepositoryTest], using SpringBootContextLoader
2022-03-19 23:45:30.271  INFO 6740 --- [           main] o.s.t.c.support.AbstractContextLoader    : Could not detect default resource locations for test class [com.swarna.collegeapi.repository.CourseRepositoryTest]: no resource found for suffixes {-context.xml, Context.groovy}.
2022-03-19 23:45:30.271  INFO 6740 --- [           main] t.c.s.AnnotationConfigContextLoaderUtils : Could not detect default configuration classes for test class [com.swarna.collegeapi.repository.CourseRepositoryTest]: CourseRepositoryTest does not declare any static, non-private, non-final, nested classes annotated with @Configuration.
2022-03-19 23:45:30.273  INFO 6740 --- [           main] .b.t.c.SpringBootTestContextBootstrapper : Found @SpringBootConfiguration com.swarna.collegeapi.CollegeApiJpaApplication for test class com.swarna.collegeapi.repository.CourseRepositoryTest
2022-03-19 23:45:30.275  INFO 6740 --- [           main] .b.t.c.SpringBootTestContextBootstrapper : Loaded default TestExecutionListener class names from location [META-INF/spring.factories]: [org.springframework.boot.test.mock.mockito.MockitoTestExecutionListener, org.springframework.boot.test.mock.mockito.ResetMocksTestExecutionListener, org.springframework.boot.test.autoconfigure.restdocs.RestDocsTestExecutionListener, org.springframework.boot.test.autoconfigure.web.client.MockRestServiceServerResetTestExecutionListener, org.springframework.boot.test.autoconfigure.web.servlet.MockMvcPrintOnlyOnFailureTestExecutionListener, org.springframework.boot.test.autoconfigure.web.servlet.WebDriverTestExecutionListener, org.springframework.boot.test.autoconfigure.webservices.client.MockWebServiceServerTestExecutionListener, org.springframework.test.context.web.ServletTestExecutionListener, org.springframework.test.context.support.DirtiesContextBeforeModesTestExecutionListener, org.springframework.test.context.event.ApplicationEventsTestExecutionListener, org.springframework.test.context.support.DependencyInjectionTestExecutionListener, org.springframework.test.context.support.DirtiesContextTestExecutionListener, org.springframework.test.context.transaction.TransactionalTestExecutionListener, org.springframework.test.context.jdbc.SqlScriptsTestExecutionListener, org.springframework.test.context.event.EventPublishingTestExecutionListener]
2022-03-19 23:45:30.276  INFO 6740 --- [           main] .b.t.c.SpringBootTestContextBootstrapper : Using TestExecutionListeners: [org.springframework.test.context.web.ServletTestExecutionListener@4718d320, org.springframework.test.context.support.DirtiesContextBeforeModesTestExecutionListener@46aea9f7, org.springframework.test.context.event.ApplicationEventsTestExecutionListener@267e0ca0, org.springframework.boot.test.mock.mockito.MockitoTestExecutionListener@3e3a07ab, org.springframework.boot.test.autoconfigure.SpringBootDependencyInjectionTestExecutionListener@3f3a529f, org.springframework.test.context.support.DirtiesContextTestExecutionListener@ce8b59e, org.springframework.test.context.transaction.TransactionalTestExecutionListener@5aa5b3af, org.springframework.test.context.jdbc.SqlScriptsTestExecutionListener@344cf00f, org.springframework.test.context.event.EventPublishingTestExecutionListener@598ff2b3, org.springframework.boot.test.mock.mockito.ResetMocksTestExecutionListener@1002f859, org.springframework.boot.test.autoconfigure.restdocs.RestDocsTestExecutionListener@67cd193d, org.springframework.boot.test.autoconfigure.web.client.MockRestServiceServerResetTestExecutionListener@34525143, org.springframework.boot.test.autoconfigure.web.servlet.MockMvcPrintOnlyOnFailureTestExecutionListener@126e2710, org.springframework.boot.test.autoconfigure.web.servlet.WebDriverTestExecutionListener@1529d534, org.springframework.boot.test.autoconfigure.webservices.client.MockWebServiceServerTestExecutionListener@1a22325d]
Hibernate: select course0_.course_id as course_i1_2_, course0_.credit as credit2_2_, course0_.teacher_id as teacher_4_2_, course0_.title as title3_2_ from tbl_course course0_
Hibernate: select coursemate0_.course_material_id as course_m1_0_0_, coursemate0_.course_id as course_i3_0_0_, coursemate0_.url as url2_0_0_ from course_material coursemate0_ where coursemate0_.course_id=?
Hibernate: select teacher0_.teacher_id as teacher_1_4_0_, teacher0_.first_name as first_na2_4_0_, teacher0_.last_name as last_nam3_4_0_ from teacher teacher0_ where teacher0_.teacher_id=?
Hibernate: select coursemate0_.course_material_id as course_m1_0_0_, coursemate0_.course_id as course_i3_0_0_, coursemate0_.url as url2_0_0_ from course_material coursemate0_ where coursemate0_.course_id=?
Hibernate: select coursemate0_.course_material_id as course_m1_0_0_, coursemate0_.course_id as course_i3_0_0_, coursemate0_.url as url2_0_0_ from course_material coursemate0_ where coursemate0_.course_id=?
Hibernate: select coursemate0_.course_material_id as course_m1_0_0_, coursemate0_.course_id as course_i3_0_0_, coursemate0_.url as url2_0_0_ from course_material coursemate0_ where coursemate0_.course_id=?
Hibernate: select teacher0_.teacher_id as teacher_1_4_0_, teacher0_.first_name as first_na2_4_0_, teacher0_.last_name as last_nam3_4_0_ from teacher teacher0_ where teacher0_.teacher_id=?
Hibernate: select coursemate0_.course_material_id as course_m1_0_0_, coursemate0_.course_id as course_i3_0_0_, coursemate0_.url as url2_0_0_ from course_material coursemate0_ where coursemate0_.course_id=?
Hibernate: select teacher0_.teacher_id as teacher_1_4_0_, teacher0_.first_name as first_na2_4_0_, teacher0_.last_name as last_nam3_4_0_ from teacher teacher0_ where teacher0_.teacher_id=?
Hibernate: select coursemate0_.course_material_id as course_m1_0_0_, coursemate0_.course_id as course_i3_0_0_, coursemate0_.url as url2_0_0_ from course_material coursemate0_ where coursemate0_.course_id=?
Hibernate: select coursemate0_.course_material_id as course_m1_0_0_, coursemate0_.course_id as course_i3_0_0_, coursemate0_.url as url2_0_0_ from course_material coursemate0_ where coursemate0_.course_id=?
Hibernate: select coursemate0_.course_material_id as course_m1_0_0_, coursemate0_.course_id as course_i3_0_0_, coursemate0_.url as url2_0_0_ from course_material coursemate0_ where coursemate0_.course_id=?
Hibernate: select coursemate0_.course_material_id as course_m1_0_0_, coursemate0_.course_id as course_i3_0_0_, coursemate0_.url as url2_0_0_ from course_material coursemate0_ where coursemate0_.course_id=?
]]></system-out>
  </testcase>
  <testcase name="findAllSorting" classname="com.swarna.collegeapi.repository.CourseRepositoryTest" time="0.26">
    <error message="failed to lazily initialize a collection of role: com.swarna.collegeapi.entity.Course.students, could not initialize proxy - no Session" type="org.hibernate.LazyInitializationException">org.hibernate.LazyInitializationException: failed to lazily initialize a collection of role: com.swarna.collegeapi.entity.Course.students, could not initialize proxy - no Session
	at com.swarna.collegeapi.repository.CourseRepositoryTest.findAllSorting(CourseRepositoryTest.java:69)
</error>
    <system-out><![CDATA[Hibernate: select course0_.course_id as course_i1_2_, course0_.credit as credit2_2_, course0_.teacher_id as teacher_4_2_, course0_.title as title3_2_ from tbl_course course0_ order by course0_.title asc limit ?
Hibernate: select teacher0_.teacher_id as teacher_1_4_0_, teacher0_.first_name as first_na2_4_0_, teacher0_.last_name as last_nam3_4_0_ from teacher teacher0_ where teacher0_.teacher_id=?
Hibernate: select coursemate0_.course_material_id as course_m1_0_0_, coursemate0_.course_id as course_i3_0_0_, coursemate0_.url as url2_0_0_ from course_material coursemate0_ where coursemate0_.course_id=?
Hibernate: select teacher0_.teacher_id as teacher_1_4_0_, teacher0_.first_name as first_na2_4_0_, teacher0_.last_name as last_nam3_4_0_ from teacher teacher0_ where teacher0_.teacher_id=?
Hibernate: select coursemate0_.course_material_id as course_m1_0_0_, coursemate0_.course_id as course_i3_0_0_, coursemate0_.url as url2_0_0_ from course_material coursemate0_ where coursemate0_.course_id=?
Hibernate: select count(course0_.course_id) as col_0_0_ from tbl_course course0_
]]></system-out>
  </testcase>
  <testcase name="findAllPagination" classname="com.swarna.collegeapi.repository.CourseRepositoryTest" time="0.698">
    <error message="failed to lazily initialize a collection of role: com.swarna.collegeapi.entity.Course.students, could not initialize proxy - no Session" type="org.hibernate.LazyInitializationException">org.hibernate.LazyInitializationException: failed to lazily initialize a collection of role: com.swarna.collegeapi.entity.Course.students, could not initialize proxy - no Session
	at com.swarna.collegeapi.repository.CourseRepositoryTest.findAllPagination(CourseRepositoryTest.java:58)
</error>
    <system-out><![CDATA[Hibernate: select course0_.course_id as course_i1_2_, course0_.credit as credit2_2_, course0_.teacher_id as teacher_4_2_, course0_.title as title3_2_ from tbl_course course0_ limit ?
Hibernate: select coursemate0_.course_material_id as course_m1_0_0_, coursemate0_.course_id as course_i3_0_0_, coursemate0_.url as url2_0_0_ from course_material coursemate0_ where coursemate0_.course_id=?
Hibernate: select teacher0_.teacher_id as teacher_1_4_0_, teacher0_.first_name as first_na2_4_0_, teacher0_.last_name as last_nam3_4_0_ from teacher teacher0_ where teacher0_.teacher_id=?
Hibernate: select coursemate0_.course_material_id as course_m1_0_0_, coursemate0_.course_id as course_i3_0_0_, coursemate0_.url as url2_0_0_ from course_material coursemate0_ where coursemate0_.course_id=?
Hibernate: select coursemate0_.course_material_id as course_m1_0_0_, coursemate0_.course_id as course_i3_0_0_, coursemate0_.url as url2_0_0_ from course_material coursemate0_ where coursemate0_.course_id=?
Hibernate: select count(course0_.course_id) as col_0_0_ from tbl_course course0_
Hibernate: select course0_.course_id as course_i1_2_, course0_.credit as credit2_2_, course0_.teacher_id as teacher_4_2_, course0_.title as title3_2_ from tbl_course course0_ limit ?
Hibernate: select coursemate0_.course_material_id as course_m1_0_0_, coursemate0_.course_id as course_i3_0_0_, coursemate0_.url as url2_0_0_ from course_material coursemate0_ where coursemate0_.course_id=?
Hibernate: select teacher0_.teacher_id as teacher_1_4_0_, teacher0_.first_name as first_na2_4_0_, teacher0_.last_name as last_nam3_4_0_ from teacher teacher0_ where teacher0_.teacher_id=?
Hibernate: select coursemate0_.course_material_id as course_m1_0_0_, coursemate0_.course_id as course_i3_0_0_, coursemate0_.url as url2_0_0_ from course_material coursemate0_ where coursemate0_.course_id=?
Hibernate: select coursemate0_.course_material_id as course_m1_0_0_, coursemate0_.course_id as course_i3_0_0_, coursemate0_.url as url2_0_0_ from course_material coursemate0_ where coursemate0_.course_id=?
Hibernate: select count(course0_.course_id) as col_0_0_ from tbl_course course0_
Hibernate: select course0_.course_id as course_i1_2_, course0_.credit as credit2_2_, course0_.teacher_id as teacher_4_2_, course0_.title as title3_2_ from tbl_course course0_ limit ?
Hibernate: select coursemate0_.course_material_id as course_m1_0_0_, coursemate0_.course_id as course_i3_0_0_, coursemate0_.url as url2_0_0_ from course_material coursemate0_ where coursemate0_.course_id=?
Hibernate: select teacher0_.teacher_id as teacher_1_4_0_, teacher0_.first_name as first_na2_4_0_, teacher0_.last_name as last_nam3_4_0_ from teacher teacher0_ where teacher0_.teacher_id=?
Hibernate: select coursemate0_.course_material_id as course_m1_0_0_, coursemate0_.course_id as course_i3_0_0_, coursemate0_.url as url2_0_0_ from course_material coursemate0_ where coursemate0_.course_id=?
Hibernate: select coursemate0_.course_material_id as course_m1_0_0_, coursemate0_.course_id as course_i3_0_0_, coursemate0_.url as url2_0_0_ from course_material coursemate0_ where coursemate0_.course_id=?
Hibernate: select count(course0_.course_id) as col_0_0_ from tbl_course course0_
totalElements = 9
totalPages = 3
]]></system-out>
  </testcase>
</testsuite>